[02:13:01] [main/INFO]: Loading Minecraft 1.21.1 with Fabric Loader 0.16.9
[02:13:01] [ForkJoinPool-1-worker-2/WARN]: Mod betterdogs_dtn uses the version ${version} which isn't compatible with Loader's extended semantic version format (Could not parse version number component '${version}'!), SemVer is recommended for reliably evaluating dependencies and prioritizing newer version
[02:13:01] [main/WARN]: Warnings were found!
 - Mod 'Debugify' (debugify) 1.21.1+1.0 recommends any version of modmenu, which is missing!
	 - You should install any version of modmenu for the optimal experience.
 - Mod 'Forge Config API Port' (forgeconfigapiport) 21.1.3 recommends any version of modmenu, which is missing!
	 - You should install any version of modmenu for the optimal experience.
[02:13:01] [main/INFO]: Loading 191 mods:
	- accessories 1.1.0-beta.19+1.21.1
	- advancednetherite 2.2.1-1.21.1
	- amendments 1.21-1.2.22
	- animal_armor_trims 2.0.0
	- appleskin 3.0.6+mc1.21
	- architectury 13.0.8
	- artifacts 12.0.6
	   |-- cardinal-components-base 6.1.0
	   |-- cardinal-components-entity 6.1.0
	   |-- com_electronwill_night-config_core 3.8.0
	   |-- com_electronwill_night-config_toml 3.8.0
	   \-- expandability 12.0.0
	- backpacked 3.0.0-beta.10
	- balm-fabric 21.0.22
	   \-- kuma_api 21.0.5-SNAPSHOT
	- betterchunkloading 1.21-5.2
	- betterdeserttemples 1.21.1-Fabric-4.1.2
	   \-- org_reflections_reflections 0.10.2
	- betterdogs_dtn ${version}
	- betterdungeons 1.21.1-Fabric-5.1.4
	   \-- org_reflections_reflections 0.10.2
	- betterendisland 1.21.1-Fabric-3.1.1
	   \-- org_reflections_reflections 0.10.2
	- betterfortresses 1.21.1-Fabric-3.1.3
	   \-- org_reflections_reflections 0.10.2
	- betterjungletemples 1.21.1-Fabric-3.1.2
	   \-- org_reflections_reflections 0.10.2
	- bettermineshafts 1.21.1-Fabric-5.1.1
	   \-- org_reflections_reflections 0.10.2
	- betteroceanmonuments 1.21.1-Fabric-4.1.2
	   \-- org_reflections_reflections 0.10.2
	- betterstrongholds 1.21.1-Fabric-5.1.2
	   \-- org_reflections_reflections 0.10.2
	- betterwitchhuts 1.21.1-Fabric-4.1.1
	   \-- org_reflections_reflections 0.10.2
	- blastingraw 1.21.1-2-fabric
	- blastingsand 1.21.1-11-fabric
	- bookshelf 21.1.29
	- carryon 2.2.2
	- chunksending 1.21-2.8
	- clayblasting 1.21.1-0-fabric
	- cloth-config 15.0.140
	   \-- cloth-basic-math 0.6.1
	- clumps 19.0.0.1
	- cobweb 1.3.0
	- collective 7.87
	- connectivity 1.21-6.4
	- cupboard 1.21-2.7
	- darkloot 1.2.8
	- darkpaintings 21.1.2
	- debugify 1.21.1+1.0
	- disenchanting_table 3.1.0
	- doggytalents 1.18.38
	- dummmmmmy 1.21-2.0.6
	- easyanvils 21.1.0
	- easymagic 21.1.0
	- easyshulkerboxes 21.1.0
	   \-- iteminteractions 21.1.0
	- enderitemod 1.6.2
	- fabric-api 0.114.0+1.21.1
	   |-- fabric-api-base 0.4.42+6573ed8c19
	   |-- fabric-api-lookup-api-v1 1.6.70+b559734419
	   |-- fabric-biome-api-v1 13.0.31+d527f9fd19
	   |-- fabric-block-api-v1 1.0.22+0af3f5a719
	   |-- fabric-block-view-api-v2 1.0.10+6573ed8c19
	   |-- fabric-blockrenderlayer-v1 1.1.52+0af3f5a719
	   |-- fabric-client-tags-api-v1 1.1.15+6573ed8c19
	   |-- fabric-command-api-v1 1.2.49+f71b366f19
	   |-- fabric-command-api-v2 2.2.28+6ced4dd919
	   |-- fabric-commands-v0 0.2.66+df3654b319
	   |-- fabric-content-registries-v0 8.0.18+b559734419
	   |-- fabric-convention-tags-v1 2.1.2+7f945d5b19
	   |-- fabric-convention-tags-v2 2.9.2+e60e56d419
	   |-- fabric-crash-report-info-v1 0.2.29+0af3f5a719
	   |-- fabric-data-attachment-api-v1 1.4.0+da19b51a19
	   |-- fabric-data-generation-api-v1 20.2.25+16c4ae2519
	   |-- fabric-dimensions-v1 4.0.0+6fc22b9919
	   |-- fabric-entity-events-v1 1.7.0+2122d82819
	   |-- fabric-events-interaction-v0 0.7.13+ba9dae0619
	   |-- fabric-game-rule-api-v1 1.0.53+6ced4dd919
	   |-- fabric-item-api-v1 11.1.1+d5debaed19
	   |-- fabric-item-group-api-v1 4.1.6+6823f7cd19
	   |-- fabric-key-binding-api-v1 1.0.47+0af3f5a719
	   |-- fabric-keybindings-v0 0.2.45+df3654b319
	   |-- fabric-lifecycle-events-v1 2.5.0+01d9a51c19
	   |-- fabric-loot-api-v2 3.0.15+3f89f5a519
	   |-- fabric-loot-api-v3 1.0.3+3f89f5a519
	   |-- fabric-message-api-v1 6.0.13+6573ed8c19
	   |-- fabric-model-loading-api-v1 2.0.0+fe474d6b19
	   |-- fabric-networking-api-v1 4.3.0+c7469b2119
	   |-- fabric-object-builder-api-v1 15.2.1+40875a9319
	   |-- fabric-particles-v1 4.0.2+6573ed8c19
	   |-- fabric-recipe-api-v1 5.0.14+248df81c19
	   |-- fabric-registry-sync-v0 5.2.0+34f5d91419
	   |-- fabric-renderer-api-v1 3.4.0+c705a49c19
	   |-- fabric-renderer-indigo 1.7.0+c705a49c19
	   |-- fabric-renderer-registries-v1 3.2.68+df3654b319
	   |-- fabric-rendering-data-attachment-v1 0.3.48+73761d2e19
	   |-- fabric-rendering-fluids-v1 3.1.6+1daea21519
	   |-- fabric-rendering-v0 1.1.71+df3654b319
	   |-- fabric-rendering-v1 5.0.5+df16efd019
	   |-- fabric-resource-conditions-api-v1 4.3.0+8dc279b119
	   |-- fabric-resource-loader-v0 1.3.1+5b5275af19
	   |-- fabric-screen-api-v1 2.0.25+8b68f1c719
	   |-- fabric-screen-handler-api-v1 1.3.88+b559734419
	   |-- fabric-sound-api-v1 1.0.23+6573ed8c19
	   |-- fabric-transfer-api-v1 5.4.2+c24bd99419
	   \-- fabric-transitive-access-wideners-v1 6.2.0+45b9699719
	- fabricloader 0.16.9
	- farmersdelight 1.21.1-2.2.8+refabricated
	   |-- mm 2.3
	   |-- porting_lib_base 3.1.0-beta.47.hotfix.2+1.21.1
	   |    |-- com_electronwill_night-config_core 3.8.0
	   |    |-- com_electronwill_night-config_toml 3.8.0
	   |    |-- mixinextras 0.5.0-beta.3
	   |    |-- mm 2.3
	   |    |-- porting_lib_accessors 3.1.0-beta.47.hotfix.2+1.21.1
	   |    |-- porting_lib_asm 3.1.0-beta.47.hotfix.2+1.21.1
	   |    |-- porting_lib_attributes 3.1.0-beta.47.hotfix.2+1.21.1
	   |    |-- porting_lib_blocks 3.1.0-beta.47.hotfix.2+1.21.1
	   |    |-- porting_lib_common 3.1.0-beta.47.hotfix.2+1.21.1
	   |    |-- porting_lib_core 3.1.0-beta.47.hotfix.2+1.21.1
	   |    |-- porting_lib_entity 3.1.0-beta.47.hotfix.2+1.21.1
	   |    |-- porting_lib_extensions 3.1.0-beta.47.hotfix.2+1.21.1
	   |    |-- porting_lib_fluids 3.1.0-beta.47.hotfix.2+1.21.1
	   |    |-- porting_lib_gametest 3.1.0-beta.47.hotfix.2+1.21.1
	   |    |-- porting_lib_gui_utils 3.1.0-beta.47.hotfix.2+1.21.1
	   |    |-- porting_lib_level_events 3.1.0-beta.47.hotfix.2+1.21.1
	   |    |-- porting_lib_mixin_extensions 3.1.0-beta.47.hotfix.2+1.21.1
	   |    |-- porting_lib_tags 3.0
	   |    \-- porting_lib_transfer 3.1.0-beta.47.hotfix.2+1.21.1
	   |-- porting_lib_config 3.1.0-beta.47.hotfix.2+1.21.1
	   |    |-- com_electronwill_night-config_core 3.8.0
	   |    |-- com_electronwill_night-config_toml 3.8.0
	   |    |-- mixinextras 0.5.0-beta.3
	   |    |-- porting_lib_core 3.1.0-beta.47.hotfix.2+1.21.1
	   |    \-- porting_lib_gametest 3.1.0-beta.47.hotfix.2+1.21.1
	   |-- porting_lib_item_abilities 3.1.0-beta.47.hotfix.2+1.21.1
	   |    |-- mixinextras 0.5.0-beta.3
	   |    |-- porting_lib_blocks 3.1.0-beta.47.hotfix.2+1.21.1
	   |    |-- porting_lib_core 3.1.0-beta.47.hotfix.2+1.21.1
	   |    |-- porting_lib_gametest 3.1.0-beta.47.hotfix.2+1.21.1
	   |    \-- porting_lib_level_events 3.1.0-beta.47.hotfix.2+1.21.1
	   |-- porting_lib_lazy_registration 3.1.0-beta.47.hotfix.2+1.21.1
	   |    |-- mixinextras 0.5.0-beta.3
	   |    |-- porting_lib_core 3.1.0-beta.47.hotfix.2+1.21.1
	   |    \-- porting_lib_gametest 3.1.0-beta.47.hotfix.2+1.21.1
	   |-- porting_lib_loot 3.1.0-beta.47.hotfix.2+1.21.1
	   |    |-- mixinextras 0.5.0-beta.3
	   |    |-- porting_lib_conditions 3.1.0-beta.47.hotfix.2+1.21.1
	   |    |-- porting_lib_core 3.1.0-beta.47.hotfix.2+1.21.1
	   |    \-- porting_lib_gametest 3.1.0-beta.47.hotfix.2+1.21.1
	   \-- porting_lib_recipe_book_categories 3.1.0-beta.47.hotfix.2+1.21.1
	        |-- mixinextras 0.5.0-beta.3
	        |-- porting_lib_core 3.1.0-beta.47.hotfix.2+1.21.1
	        \-- porting_lib_gametest 3.1.0-beta.47.hotfix.2+1.21.1
	- fastasyncworldsave 1.21-2.1
	- ferritecore 7.0.2-hotfix
	- followersteleporttoo 2.6
	- forgeconfigapiport 21.1.3
	   |-- com_electronwill_night-config_core 3.8.0
	   \-- com_electronwill_night-config_toml 3.8.0
	- framework 0.9.4
	   |-- org_javassist_javassist 3.29.2-GA
	   \-- org_reflections_reflections 0.10.2
	- handcrafted 4.0.2
	- harvest_with_ease 9.4.0
	- jade 15.9.2+fabric
	- java 21
	- jei 19.21.0.247
	- journeymap 1.21.1-6.0.0-beta.32
	   |-- ar_com_hjg_pngj 2.1.0
	   |-- commonnetworking 1.0.16-1.21.1
	   \-- journeymap-api-fabric 2.0.0-1.21.1-SNAPSHOT
	- lavender 0.1.14+1.21
	   |-- lavender-md 0.1.2+1.21
	   \-- lavender-md-owo-ui 0.1.2+1.21
	- lootintegrations 1.21-4.0
	- mcwfurnitures 3.3.0
	- mcwpaintings 1.0.5
	- merenc 4.1
	- minecraft 1.21.1
	- modernfix 5.20.0+mc1.21.1
	- monolib 1.4.1
	- moonlight 1.21-2.17.12
	- more_bows_and_arrows 4.0.0
	- nerb 0.4.1
	- netherrackblasting 1.21.1-0-fabric
	- nets 0.3.6
	- noisium 2.3.0+mc1.21-1.21.1
	- octolib 0.5.0.1
	   \-- org_yaml_snakeyaml 2.2
	- onlyhammers 1.21.1-0.2
	- owo 0.12.15+1.21
	   |-- blue_endless_jankson 1.2.2
	   |-- io_wispforest_endec 0.1.5
	   |-- io_wispforest_endec_gson 0.1.3
	   |-- io_wispforest_endec_jankson 0.1.3
	   \-- io_wispforest_endec_netty 0.1.2
	- playeranimator 2.0.1+1.21.1
	- potionring 1.21.1-1.1
	- prickle 21.1.6
	- puzzleslib 21.1.24
	- reinfbarrel 2.6.1+1.21.1
	   \-- reinfcore 4.0.2+1.21.1
	- reinfchest 3.1.1+1.21.1
	   \-- reinfcore 4.0.2+1.21.1
	- reinfshulker 3.2.1+1.21.1
	   \-- reinfcore 4.0.2+1.21.1
	- resourcefullib 3.0.11
	   |-- com_teamresourceful_bytecodecs 1.1.2
	   \-- com_teamresourceful_yabn 1.0.3
	- sawmill 1.21-1.5.12
	- sittingplus 1.0.0
	- smeltingstone 1.21.1-0-fabric
	- smoothchunk 1.21-3.8
	- spark 1.10.109
	   \-- fabric-permissions-api-v0 0.3.1
	- supplementaries 1.21-3.0.30-beta
	   \-- mixinsquared 0.1.1
	- suppsquared 1.21-1.2.3
	- tclayer 3.10.0+beta.19
	   |-- cardinal-components-base 6.1.0
	   \-- cardinal-components-entity 6.1.0
	- things 0.4.2+1.21
	- treeharvester 9.1
	- trop 24.8.29
	- waystones 21.1.5
	- yet_another_config_lib_v3 3.6.2+1.21-fabric
	   |-- com_twelvemonkeys_common_common-image 3.12.0
	   |-- com_twelvemonkeys_common_common-io 3.12.0
	   |-- com_twelvemonkeys_common_common-lang 3.12.0
	   |-- com_twelvemonkeys_imageio_imageio-core 3.12.0
	   |-- com_twelvemonkeys_imageio_imageio-metadata 3.12.0
	   |-- com_twelvemonkeys_imageio_imageio-webp 3.12.0
	   |-- org_quiltmc_parsers_gson 0.2.1
	   \-- org_quiltmc_parsers_json 0.2.1
	- yungsapi 1.21.1-Fabric-5.1.3
	   |-- org_javassist_javassist 3.29.2-GA
	   \-- org_reflections_reflections 0.10.2
	- yungsbridges 1.21.1-Fabric-5.1.1
	   \-- org_reflections_reflections 0.10.2
	- yungsextras 1.21.1-Fabric-5.1.1
	   \-- org_reflections_reflections 0.10.2
[02:13:01] [main/INFO]: SpongePowered MIXIN Subsystem Version=0.8.7 Source=file:/workspaces/servercito/servidor_minecraft/libraries/net/fabricmc/sponge-mixin/0.15.4+mixin.0.8.7/sponge-mixin-0.15.4+mixin.0.8.7.jar Service=Knot/Fabric Env=SERVER
[02:13:01] [main/INFO]: Compatibility level set to JAVA_17
[02:13:01] [main/INFO]: Compatibility level set to JAVA_21
[02:13:02] [main/WARN]: Reference map 'darkpaintings.refmap.json' for darkpaintings.mixins.json could not be read. If this is a development environment you can ignore this message
[02:13:02] [main/WARN]: Reference map 'darkpaintings.refmap.json' for darkpaintings.fabric.mixins.json could not be read. If this is a development environment you can ignore this message
[02:13:02] [main/WARN]: Reference map 'doggytalents.refmap.json' for doggytalents.mixins.json could not be read. If this is a development environment you can ignore this message
[02:13:02] [main/WARN]: Reference map 'easyshulkerboxes.common.refmap.json' for easyshulkerboxes.common.mixins.json could not be read. If this is a development environment you can ignore this message
[02:13:02] [main/WARN]: Reference map 'easyshulkerboxes.fabric.refmap.json' for easyshulkerboxes.fabric.mixins.json could not be read. If this is a development environment you can ignore this message
[02:13:02] [main/WARN]: Reference map 'forgeconfigapiport.common.refmap.json' for forgeconfigapiport.common.mixins.json could not be read. If this is a development environment you can ignore this message
[02:13:02] [main/WARN]: Reference map 'harvest_with_ease.refmap.json' for harvest_with_ease.mixins.json could not be read. If this is a development environment you can ignore this message
[02:13:02] [main/WARN]: Reference map 'harvest_with_ease.refmap.json' for harvest_with_ease.fabric.mixins.json could not be read. If this is a development environment you can ignore this message
[02:13:02] [main/WARN]: Reference map 'iteminteractions.fabric.refmap.json' for iteminteractions.fabric.mixins.json could not be read. If this is a development environment you can ignore this message
[02:13:02] [main/WARN]: Reference map 'journeymap-refmap.json' for journeymap.mixins.json could not be read. If this is a development environment you can ignore this message
[02:13:02] [main/WARN]: Reference map 'journeymap-refmap.json' for journeymap.fabric.mixins.json could not be read. If this is a development environment you can ignore this message
[02:13:02] [main/INFO]: Loaded configuration file for ModernFix 5.20.0+mc1.21.1: 56 options available, 0 override(s) found
[02:13:02] [main/INFO]: Applying Nashorn fix
[02:13:02] [main/WARN]: Reference map 'OctoLib-COMMON-common-refmap.json' for octolib-common.mixins.json could not be read. If this is a development environment you can ignore this message
[02:13:02] [main/WARN]: Reference map 'prickle.refmap.json' for prickle.mixins.json could not be read. If this is a development environment you can ignore this message
[02:13:02] [main/WARN]: Reference map 'prickle.refmap.json' for prickle.fabric.mixins.json could not be read. If this is a development environment you can ignore this message
[02:13:02] [main/WARN]: Error loading class: net/minecraft/class_881 (java.lang.ClassNotFoundException: net/minecraft/class_881)
[02:13:02] [main/WARN]: @Mixin target net.minecraft.class_881 was not found porting_lib_base.mixins.json:client.BoatRendererMixin from mod porting_lib_base
[02:13:02] [main/WARN]: Error loading class: net/minecraft/class_525 (java.lang.ClassNotFoundException: net/minecraft/class_525)
[02:13:02] [main/WARN]: @Mixin target net.minecraft.class_525 was not found porting_lib_base.mixins.json:client.CreateWorldScreenMixin from mod porting_lib_base
[02:13:02] [main/WARN]: Error loading class: net/minecraft/class_906 (java.lang.ClassNotFoundException: net/minecraft/class_906)
[02:13:02] [main/WARN]: @Mixin target net.minecraft.class_906 was not found porting_lib_item_abilities.mixins.json:FishingHookRendererMixin from mod porting_lib_item_abilities
[02:13:02] [main/WARN]: Error loading class: net/minecraft/class_761 (java.lang.ClassNotFoundException: net/minecraft/class_761)
[02:13:02] [main/WARN]: @Mixin target net.minecraft.class_761 was not found accessories-common.mixins.json:LevelRendererAccessor from mod accessories
[02:13:03] [main/WARN]: Error loading class: net/minecraft/class_287 (java.lang.ClassNotFoundException: net/minecraft/class_287)
[02:13:03] [main/WARN]: @Mixin target net.minecraft.class_287 was not found owo.mixins.json:BufferBuilderAccessor from mod owo
[02:13:03] [main/WARN]: Error loading class: net/minecraft/class_437 (java.lang.ClassNotFoundException: net/minecraft/class_437)
[02:13:03] [main/WARN]: @Mixin target net.minecraft.class_437 was not found owo.mixins.json:ScreenAccessor from mod owo
[02:13:03] [main/WARN]: Error loading class: xyz/nucleoid/server/translations/impl/language/SystemDelegatedLanguage (java.lang.ClassNotFoundException: xyz/nucleoid/server/translations/impl/language/SystemDelegatedLanguage)
[02:13:03] [main/WARN]: Error loading class: net/minecraft/class_638 (java.lang.ClassNotFoundException: net/minecraft/class_638)
[02:13:03] [main/WARN]: @Mixin target net.minecraft.class_638 was not found porting_lib_level_events.mixins.json:client.ClientLevelMixin from mod porting_lib_level_events
[02:13:03] [main/WARN]: Error loading class: me/jellysquid/mods/sodium/client/render/chunk/compile/pipeline/FluidRenderer (java.lang.ClassNotFoundException: me/jellysquid/mods/sodium/client/render/chunk/compile/pipeline/FluidRenderer)
[02:13:03] [main/WARN]: Error loading class: net/minecraft/class_5684 (java.lang.ClassNotFoundException: net/minecraft/class_5684)
[02:13:03] [main/WARN]: @Mixin target net.minecraft.class_5684 was not found things.mixins.json:TooltipComponentMixin from mod things
[02:13:03] [main/WARN]: Error loading class: net/minecraft/class_314 (java.lang.ClassNotFoundException: net/minecraft/class_314)
[02:13:03] [main/WARN]: @Mixin target net.minecraft.class_314 was not found mixins.mm.json:net.minecraft.class_314 from mod mm
[02:13:03] [main/INFO]: Initializing MixinExtras via com.llamalad7.mixinextras.service.MixinExtrasServiceImpl(version=0.5.0-beta.3).
[02:13:04] [main/WARN]: @Inject(@At("INVOKE")) Shift.BY=2 on accessories-common.mixins.json:NbtCompoundMixin from mod accessories::handler$zfd000$accessories$adjustCheckForListVariants exceeds the maximum allowed value: 0. Increase the value of maxShiftBy to suppress this warning.
[02:13:11] [main/INFO]: Vanilla bootstrap took 6904 milliseconds
[02:13:12] [main/INFO]: Registered Trinkets Reloaded Listeners
[02:13:12] [main/INFO]: Initializing platform helper for Advanced Netherite!
[02:13:12] [main/INFO]: Loaded config amendments-common.json
[02:13:12] [main/INFO]: Registering C2S receiver with id artifacts:double_jump
[02:13:12] [main/INFO]: Registering C2S receiver with id artifacts:update_swimming
[02:13:12] [main/INFO]: Registering C2S receiver with id artifacts:toggle_artifacts
[02:13:12] [main/ERROR]: No data fixer registered for artifacts:mimic
[02:13:12] [main/INFO]: Reflections took 79 ms to scan 1 urls, producing 3 keys and 35 values
[02:13:12] [main/INFO]: Registered synced data key backpacked:unlock_tracker for minecraft:player
[02:13:12] [main/INFO]: Registered synced data key backpacked:trader_pickpocketing for minecraft:wandering_trader
[02:13:12] [main/INFO]: betterchunkloading mod initialized
[02:13:12] [main/INFO]: Reflections took 2 ms to scan 1 urls, producing 1 keys and 2 values
[02:13:12] [main/INFO]: Reflections took 2 ms to scan 1 urls, producing 1 keys and 2 values
[02:13:12] [main/INFO]: Reflections took 2 ms to scan 1 urls, producing 1 keys and 3 values
[02:13:12] [main/INFO]: Reflections took 1 ms to scan 1 urls, producing 1 keys and 3 values
[02:13:12] [main/INFO]: Reflections took 1 ms to scan 1 urls, producing 1 keys and 2 values
[02:13:12] [main/INFO]: Reflections took 1 ms to scan 1 urls, producing 1 keys and 2 values
[02:13:12] [main/INFO]: Reflections took 0 ms to scan 1 urls, producing 1 keys and 1 values
[02:13:12] [main/INFO]: Reflections took 1 ms to scan 1 urls, producing 1 keys and 1 values
[02:13:12] [main/INFO]: Reflections took 1 ms to scan 1 urls, producing 1 keys and 3 values
[02:13:12] [main/INFO]: Reflections took 1 ms to scan 1 urls, producing 1 keys and 3 values
[02:13:12] [main/INFO]: Reflections took 1 ms to scan 1 urls, producing 1 keys and 2 values
[02:13:12] [main/INFO]: Reflections took 1 ms to scan 1 urls, producing 1 keys and 2 values
[02:13:12] [main/INFO]: Reflections took 1 ms to scan 1 urls, producing 1 keys and 1 values
[02:13:12] [main/INFO]: Reflections took 0 ms to scan 1 urls, producing 1 keys and 1 values
[02:13:12] [main/INFO]: Reflections took 1 ms to scan 1 urls, producing 1 keys and 2 values
[02:13:12] [main/INFO]: Reflections took 1 ms to scan 1 urls, producing 1 keys and 2 values
[02:13:12] [main/INFO]: Reflections took 1 ms to scan 1 urls, producing 1 keys and 1 values
[02:13:12] [main/INFO]: Reflections took 1 ms to scan 1 urls, producing 1 keys and 1 values
[02:13:13] [main/INFO]: Loaded config for: chunksending.json
[02:13:13] [main/INFO]: chunksending mod initialized
[02:13:13] [main/INFO]: Loading Collective version 7.87.
[02:13:13] [main/INFO]: Connectivity initialized
[02:13:13] [main/INFO]: Loaded config for: cupboard.json
[02:13:13] [main/INFO]: Enabled 28 bug fixes: [MC-2025, MC-7569, MC-8187, MC-30391, MC-69216, MC-88371, MC-89146, MC-93018, MC-100991, MC-119417, MC-119754, MC-121706, MC-121903, MC-129909, MC-132878, MC-135971, MC-155509, MC-160095, MC-179072, MC-183990, MC-199467, MC-200418, MC-206922, MC-215530, MC-223153, MC-224729, MC-231743, MC-232869]
[02:13:13] [main/INFO]: Successfully Debugify'd your game!
[02:13:14] [main/INFO]: Loaded config dummmmmmy-common.json
[02:13:14] [main/INFO]: Constructing common components for easyanvils:main
[02:13:14] [main/INFO]: Dispatching loading event for config easyanvils-common.toml
[02:13:14] [main/INFO]: Constructing common components for easymagic:main
[02:13:14] [main/INFO]: Dispatching loading event for config easymagic-common.toml
[02:13:14] [main/INFO]: Constructing common components for easyshulkerboxes:main
[02:13:14] [main/INFO]: ExpandAbility here, who dis?
[02:13:14] [main/ERROR]: No data fixer registered for handcrafted
[02:13:14] [main/INFO]: Constructing common components for iteminteractions:main
[02:13:14] [main/INFO]: Initializing ServerSide Packet Registries
[02:13:15] [main/INFO]: Definitely not up to no good
[02:13:15] [main/INFO]: Loading Noisium.
[02:13:15] [main/INFO]: [STDOUT]: All 10 have been set properly
[02:13:15] [main/INFO]: chyz: now i just need to painstakingly move jerry (the little tiny lil fella tiny guy man button) to correct spot when recipe book is opened
[02:13:15] [main/INFO]: Potion Ring - REFORGED is Loading...
[02:13:15] [main/INFO]: Potion Ring - REFORGED is Charged !
[02:13:15] [main/INFO]: Constructing common components for puzzleslib:main
[02:13:15] [main/INFO]: [STDOUT]: [SittingPlus] Initializing server-side networking
[02:13:15] [main/INFO]: Loaded config supplementaries-common.json
[02:13:15] [main/INFO]: Reflections took 3 ms to scan 1 urls, producing 1 keys and 3 values
[02:13:15] [main/INFO]: Reflections took 2 ms to scan 1 urls, producing 1 keys and 3 values
[02:13:15] [main/INFO]: Reflections took 1 ms to scan 1 urls, producing 1 keys and 2 values
[02:13:15] [main/INFO]: Reflections took 1 ms to scan 1 urls, producing 1 keys and 2 values
[02:13:15] [main/INFO]: Reflections took 1 ms to scan 1 urls, producing 1 keys and 2 values
[02:13:15] [main/INFO]: Reflections took 1 ms to scan 1 urls, producing 1 keys and 2 values
[02:13:16] [main/INFO]: Initialized block sets in 14ms
[02:13:16] [main/ERROR]: No data fixer registered for falling_lantern
[02:13:16] [main/ERROR]: No data fixer registered for target_dummy
[02:13:16] [main/ERROR]: No data fixer registered for dispenser_minecart
[02:13:16] [main/ERROR]: No data fixer registered for falling_urn
[02:13:16] [main/ERROR]: No data fixer registered for falling_ash
[02:13:16] [main/ERROR]: No data fixer registered for falling_sack
[02:13:16] [main/ERROR]: No data fixer registered for brick_projectile
[02:13:16] [main/ERROR]: No data fixer registered for slimeball_projectile
[02:13:16] [main/ERROR]: No data fixer registered for bomb
[02:13:16] [main/ERROR]: No data fixer registered for cannonball
[02:13:16] [main/ERROR]: No data fixer registered for rope_arrow
[02:13:16] [main/ERROR]: No data fixer registered for slingshot_projectile
[02:13:16] [main/INFO]: Loaded config sawmill-common.json
[02:13:16] [main/INFO]: Initialized color sets in 29ms
[02:13:16] [main/INFO]: Finished mod setup in: [0, 0, 0, 0, 19, 4, 1] ms
[02:13:16] [main/INFO]: Environment: Environment[sessionHost=https://sessionserver.mojang.com, servicesHost=https://api.minecraftservices.com, name=PROD]
[02:13:17] [main/INFO]: Generated runtime SERVER_DATA for pack sawmill:sawmill_recipes (Sawmill) in: 0 ms (debug resource dump on)
[02:13:17] [main/INFO]: Generated runtime SERVER_DATA for pack supplementaries:generated_pack (Supplementaries) in: 25 ms
[02:13:17] [main/INFO]: Generated runtime SERVER_DATA for pack suppsquared:generated_pack (Suppsquared) in: 14 ms
[02:13:18] [main/INFO]: Loaded config for: connectivity.json
[02:13:18] [Worker-Main-2/ERROR]: Couldn't parse element minecraft:loot_table/suppsquared:blocks/sack_green - Failed to parse either. First: No key component in MapLike[{"function":"minecraft:set_contents","type":"minecraft:shulker_box","entries":[{"type":"minecraft:dynamic","name":"minecraft:contents"}]}]; Second: Not a json array: {"function":"minecraft:set_contents","type":"minecraft:shulker_box","entries":[{"type":"minecraft:dynamic","name":"minecraft:contents"}]}; Failed to parse either. First: Unknown registry key in ResourceKey[minecraft:root / minecraft:loot_function_type]: minecraft:copy_nbt; Second: Not a json array: {"function":"minecraft:copy_nbt","source":"block_entity","ops":[{"source":"Lock","target":"BlockEntityTag.Lock","op":"replace"},{"source":"LootTable","target":"BlockEntityTag.LootTable","op":"replace"},{"source":"LootTableSeed","target":"BlockEntityTag.LootTableSeed","op":"replace"}]}
[02:13:18] [Worker-Main-2/ERROR]: Couldn't parse element minecraft:loot_table/suppsquared:blocks/sack_blue - Failed to parse either. First: No key component in MapLike[{"function":"minecraft:set_contents","type":"minecraft:shulker_box","entries":[{"type":"minecraft:dynamic","name":"minecraft:contents"}]}]; Second: Not a json array: {"function":"minecraft:set_contents","type":"minecraft:shulker_box","entries":[{"type":"minecraft:dynamic","name":"minecraft:contents"}]}; Failed to parse either. First: Unknown registry key in ResourceKey[minecraft:root / minecraft:loot_function_type]: minecraft:copy_nbt; Second: Not a json array: {"function":"minecraft:copy_nbt","source":"block_entity","ops":[{"source":"Lock","target":"BlockEntityTag.Lock","op":"replace"},{"source":"LootTable","target":"BlockEntityTag.LootTable","op":"replace"},{"source":"LootTableSeed","target":"BlockEntityTag.LootTableSeed","op":"replace"}]}
[02:13:18] [Worker-Main-2/ERROR]: Couldn't parse element minecraft:loot_table/suppsquared:blocks/sack_pink - Failed to parse either. First: No key component in MapLike[{"function":"minecraft:set_contents","type":"minecraft:shulker_box","entries":[{"type":"minecraft:dynamic","name":"minecraft:contents"}]}]; Second: Not a json array: {"function":"minecraft:set_contents","type":"minecraft:shulker_box","entries":[{"type":"minecraft:dynamic","name":"minecraft:contents"}]}; Failed to parse either. First: Unknown registry key in ResourceKey[minecraft:root / minecraft:loot_function_type]: minecraft:copy_nbt; Second: Not a json array: {"function":"minecraft:copy_nbt","source":"block_entity","ops":[{"source":"Lock","target":"BlockEntityTag.Lock","op":"replace"},{"source":"LootTable","target":"BlockEntityTag.LootTable","op":"replace"},{"source":"LootTableSeed","target":"BlockEntityTag.LootTableSeed","op":"replace"}]}
[02:13:18] [Worker-Main-2/ERROR]: Couldn't parse element minecraft:loot_table/suppsquared:blocks/sack_black - Failed to parse either. First: No key component in MapLike[{"function":"minecraft:set_contents","type":"minecraft:shulker_box","entries":[{"type":"minecraft:dynamic","name":"minecraft:contents"}]}]; Second: Not a json array: {"function":"minecraft:set_contents","type":"minecraft:shulker_box","entries":[{"type":"minecraft:dynamic","name":"minecraft:contents"}]}; Failed to parse either. First: Unknown registry key in ResourceKey[minecraft:root / minecraft:loot_function_type]: minecraft:copy_nbt; Second: Not a json array: {"function":"minecraft:copy_nbt","source":"block_entity","ops":[{"source":"Lock","target":"BlockEntityTag.Lock","op":"replace"},{"source":"LootTable","target":"BlockEntityTag.LootTable","op":"replace"},{"source":"LootTableSeed","target":"BlockEntityTag.LootTableSeed","op":"replace"}]}
[02:13:18] [Worker-Main-2/ERROR]: Couldn't parse element minecraft:loot_table/suppsquared:blocks/sack_light_blue - Failed to parse either. First: No key component in MapLike[{"function":"minecraft:set_contents","type":"minecraft:shulker_box","entries":[{"type":"minecraft:dynamic","name":"minecraft:contents"}]}]; Second: Not a json array: {"function":"minecraft:set_contents","type":"minecraft:shulker_box","entries":[{"type":"minecraft:dynamic","name":"minecraft:contents"}]}; Failed to parse either. First: Unknown registry key in ResourceKey[minecraft:root / minecraft:loot_function_type]: minecraft:copy_nbt; Second: Not a json array: {"function":"minecraft:copy_nbt","source":"block_entity","ops":[{"source":"Lock","target":"BlockEntityTag.Lock","op":"replace"},{"source":"LootTable","target":"BlockEntityTag.LootTable","op":"replace"},{"source":"LootTableSeed","target":"BlockEntityTag.LootTableSeed","op":"replace"}]}
[02:13:18] [Worker-Main-2/ERROR]: Couldn't parse element minecraft:loot_table/suppsquared:blocks/sack_brown - Failed to parse either. First: No key component in MapLike[{"function":"minecraft:set_contents","type":"minecraft:shulker_box","entries":[{"type":"minecraft:dynamic","name":"minecraft:contents"}]}]; Second: Not a json array: {"function":"minecraft:set_contents","type":"minecraft:shulker_box","entries":[{"type":"minecraft:dynamic","name":"minecraft:contents"}]}; Failed to parse either. First: Unknown registry key in ResourceKey[minecraft:root / minecraft:loot_function_type]: minecraft:copy_nbt; Second: Not a json array: {"function":"minecraft:copy_nbt","source":"block_entity","ops":[{"source":"Lock","target":"BlockEntityTag.Lock","op":"replace"},{"source":"LootTable","target":"BlockEntityTag.LootTable","op":"replace"},{"source":"LootTableSeed","target":"BlockEntityTag.LootTableSeed","op":"replace"}]}
[02:13:18] [Worker-Main-2/ERROR]: Couldn't parse element minecraft:loot_table/suppsquared:blocks/sack_yellow - Failed to parse either. First: No key component in MapLike[{"function":"minecraft:set_contents","type":"minecraft:shulker_box","entries":[{"type":"minecraft:dynamic","name":"minecraft:contents"}]}]; Second: Not a json array: {"function":"minecraft:set_contents","type":"minecraft:shulker_box","entries":[{"type":"minecraft:dynamic","name":"minecraft:contents"}]}; Failed to parse either. First: Unknown registry key in ResourceKey[minecraft:root / minecraft:loot_function_type]: minecraft:copy_nbt; Second: Not a json array: {"function":"minecraft:copy_nbt","source":"block_entity","ops":[{"source":"Lock","target":"BlockEntityTag.Lock","op":"replace"},{"source":"LootTable","target":"BlockEntityTag.LootTable","op":"replace"},{"source":"LootTableSeed","target":"BlockEntityTag.LootTableSeed","op":"replace"}]}
[02:13:18] [Worker-Main-2/ERROR]: Couldn't parse element minecraft:loot_table/suppsquared:blocks/sack_lime - Failed to parse either. First: No key component in MapLike[{"function":"minecraft:set_contents","type":"minecraft:shulker_box","entries":[{"type":"minecraft:dynamic","name":"minecraft:contents"}]}]; Second: Not a json array: {"function":"minecraft:set_contents","type":"minecraft:shulker_box","entries":[{"type":"minecraft:dynamic","name":"minecraft:contents"}]}; Failed to parse either. First: Unknown registry key in ResourceKey[minecraft:root / minecraft:loot_function_type]: minecraft:copy_nbt; Second: Not a json array: {"function":"minecraft:copy_nbt","source":"block_entity","ops":[{"source":"Lock","target":"BlockEntityTag.Lock","op":"replace"},{"source":"LootTable","target":"BlockEntityTag.LootTable","op":"replace"},{"source":"LootTableSeed","target":"BlockEntityTag.LootTableSeed","op":"replace"}]}
[02:13:18] [Worker-Main-2/ERROR]: Couldn't parse element minecraft:loot_table/suppsquared:blocks/sack_cyan - Failed to parse either. First: No key component in MapLike[{"function":"minecraft:set_contents","type":"minecraft:shulker_box","entries":[{"type":"minecraft:dynamic","name":"minecraft:contents"}]}]; Second: Not a json array: {"function":"minecraft:set_contents","type":"minecraft:shulker_box","entries":[{"type":"minecraft:dynamic","name":"minecraft:contents"}]}; Failed to parse either. First: Unknown registry key in ResourceKey[minecraft:root / minecraft:loot_function_type]: minecraft:copy_nbt; Second: Not a json array: {"function":"minecraft:copy_nbt","source":"block_entity","ops":[{"source":"Lock","target":"BlockEntityTag.Lock","op":"replace"},{"source":"LootTable","target":"BlockEntityTag.LootTable","op":"replace"},{"source":"LootTableSeed","target":"BlockEntityTag.LootTableSeed","op":"replace"}]}
[02:13:18] [Worker-Main-2/ERROR]: Couldn't parse element minecraft:loot_table/minecraft:entities/magma_cube - Failed to parse either. First: Unknown registry key in ResourceKey[minecraft:root / minecraft:loot_function_type]: minecraft:looting_enchant; Second: Not a json array: {"count":{"type":"minecraft:uniform","max":1.0,"min":0.0},"function":"minecraft:looting_enchant"}
[02:13:18] [Worker-Main-2/ERROR]: Couldn't parse element minecraft:loot_table/suppsquared:blocks/sack_red - Failed to parse either. First: No key component in MapLike[{"function":"minecraft:set_contents","type":"minecraft:shulker_box","entries":[{"type":"minecraft:dynamic","name":"minecraft:contents"}]}]; Second: Not a json array: {"function":"minecraft:set_contents","type":"minecraft:shulker_box","entries":[{"type":"minecraft:dynamic","name":"minecraft:contents"}]}; Failed to parse either. First: Unknown registry key in ResourceKey[minecraft:root / minecraft:loot_function_type]: minecraft:copy_nbt; Second: Not a json array: {"function":"minecraft:copy_nbt","source":"block_entity","ops":[{"source":"Lock","target":"BlockEntityTag.Lock","op":"replace"},{"source":"LootTable","target":"BlockEntityTag.LootTable","op":"replace"},{"source":"LootTableSeed","target":"BlockEntityTag.LootTableSeed","op":"replace"}]}
[02:13:18] [Worker-Main-2/ERROR]: Couldn't parse element minecraft:loot_table/suppsquared:blocks/sack_white - Failed to parse either. First: No key component in MapLike[{"function":"minecraft:set_contents","type":"minecraft:shulker_box","entries":[{"type":"minecraft:dynamic","name":"minecraft:contents"}]}]; Second: Not a json array: {"function":"minecraft:set_contents","type":"minecraft:shulker_box","entries":[{"type":"minecraft:dynamic","name":"minecraft:contents"}]}; Failed to parse either. First: Unknown registry key in ResourceKey[minecraft:root / minecraft:loot_function_type]: minecraft:copy_nbt; Second: Not a json array: {"function":"minecraft:copy_nbt","source":"block_entity","ops":[{"source":"Lock","target":"BlockEntityTag.Lock","op":"replace"},{"source":"LootTable","target":"BlockEntityTag.LootTable","op":"replace"},{"source":"LootTableSeed","target":"BlockEntityTag.LootTableSeed","op":"replace"}]}
[02:13:18] [Worker-Main-2/ERROR]: Couldn't parse element minecraft:loot_table/suppsquared:blocks/sack_orange - Failed to parse either. First: No key component in MapLike[{"function":"minecraft:set_contents","type":"minecraft:shulker_box","entries":[{"type":"minecraft:dynamic","name":"minecraft:contents"}]}]; Second: Not a json array: {"function":"minecraft:set_contents","type":"minecraft:shulker_box","entries":[{"type":"minecraft:dynamic","name":"minecraft:contents"}]}; Failed to parse either. First: Unknown registry key in ResourceKey[minecraft:root / minecraft:loot_function_type]: minecraft:copy_nbt; Second: Not a json array: {"function":"minecraft:copy_nbt","source":"block_entity","ops":[{"source":"Lock","target":"BlockEntityTag.Lock","op":"replace"},{"source":"LootTable","target":"BlockEntityTag.LootTable","op":"replace"},{"source":"LootTableSeed","target":"BlockEntityTag.LootTableSeed","op":"replace"}]}
[02:13:18] [Worker-Main-2/ERROR]: Couldn't parse element minecraft:loot_table/suppsquared:blocks/sack_purple - Failed to parse either. First: No key component in MapLike[{"function":"minecraft:set_contents","type":"minecraft:shulker_box","entries":[{"type":"minecraft:dynamic","name":"minecraft:contents"}]}]; Second: Not a json array: {"function":"minecraft:set_contents","type":"minecraft:shulker_box","entries":[{"type":"minecraft:dynamic","name":"minecraft:contents"}]}; Failed to parse either. First: Unknown registry key in ResourceKey[minecraft:root / minecraft:loot_function_type]: minecraft:copy_nbt; Second: Not a json array: {"function":"minecraft:copy_nbt","source":"block_entity","ops":[{"source":"Lock","target":"BlockEntityTag.Lock","op":"replace"},{"source":"LootTable","target":"BlockEntityTag.LootTable","op":"replace"},{"source":"LootTableSeed","target":"BlockEntityTag.LootTableSeed","op":"replace"}]}
[02:13:18] [Worker-Main-2/ERROR]: Couldn't parse element minecraft:loot_table/suppsquared:blocks/sack_magenta - Failed to parse either. First: No key component in MapLike[{"function":"minecraft:set_contents","type":"minecraft:shulker_box","entries":[{"type":"minecraft:dynamic","name":"minecraft:contents"}]}]; Second: Not a json array: {"function":"minecraft:set_contents","type":"minecraft:shulker_box","entries":[{"type":"minecraft:dynamic","name":"minecraft:contents"}]}; Failed to parse either. First: Unknown registry key in ResourceKey[minecraft:root / minecraft:loot_function_type]: minecraft:copy_nbt; Second: Not a json array: {"function":"minecraft:copy_nbt","source":"block_entity","ops":[{"source":"Lock","target":"BlockEntityTag.Lock","op":"replace"},{"source":"LootTable","target":"BlockEntityTag.LootTable","op":"replace"},{"source":"LootTableSeed","target":"BlockEntityTag.LootTableSeed","op":"replace"}]}
[02:13:18] [Worker-Main-2/ERROR]: Couldn't parse element minecraft:loot_table/suppsquared:blocks/sack_gray - Failed to parse either. First: No key component in MapLike[{"function":"minecraft:set_contents","type":"minecraft:shulker_box","entries":[{"type":"minecraft:dynamic","name":"minecraft:contents"}]}]; Second: Not a json array: {"function":"minecraft:set_contents","type":"minecraft:shulker_box","entries":[{"type":"minecraft:dynamic","name":"minecraft:contents"}]}; Failed to parse either. First: Unknown registry key in ResourceKey[minecraft:root / minecraft:loot_function_type]: minecraft:copy_nbt; Second: Not a json array: {"function":"minecraft:copy_nbt","source":"block_entity","ops":[{"source":"Lock","target":"BlockEntityTag.Lock","op":"replace"},{"source":"LootTable","target":"BlockEntityTag.LootTable","op":"replace"},{"source":"LootTableSeed","target":"BlockEntityTag.LootTableSeed","op":"replace"}]}
[02:13:18] [Worker-Main-2/ERROR]: Couldn't parse element minecraft:loot_table/suppsquared:blocks/sack_light_gray - Failed to parse either. First: No key component in MapLike[{"function":"minecraft:set_contents","type":"minecraft:shulker_box","entries":[{"type":"minecraft:dynamic","name":"minecraft:contents"}]}]; Second: Not a json array: {"function":"minecraft:set_contents","type":"minecraft:shulker_box","entries":[{"type":"minecraft:dynamic","name":"minecraft:contents"}]}; Failed to parse either. First: Unknown registry key in ResourceKey[minecraft:root / minecraft:loot_function_type]: minecraft:copy_nbt; Second: Not a json array: {"function":"minecraft:copy_nbt","source":"block_entity","ops":[{"source":"Lock","target":"BlockEntityTag.Lock","op":"replace"},{"source":"LootTable","target":"BlockEntityTag.LootTable","op":"replace"},{"source":"LootTableSeed","target":"BlockEntityTag.LootTableSeed","op":"replace"}]}
[02:13:19] [Worker-Main-2/WARN]: Adding Entries from [accessories:wrist] to [trinkets:offhand/wrist]: 
     [things:broken_watch (from things)]
[02:13:19] [Worker-Main-2/WARN]: Adding Entries from [trinkets:legs/quiver] to [accessories:trinket_group_legs-quiver]: 
     [supplementaries:quiver (from supplementaries)]
[02:13:19] [Worker-Main-2/WARN]: Adding Entries from [accessories:face] to [trinkets:head/face]: 
     [things:monocle (from things), minecraft:apple (from owo)]
[02:13:19] [Worker-Main-2/WARN]: Adding Entries from [trinkets:legs/belt] to [accessories:belt]: 
     [#artifacts:slot/belt (from artifacts)]
[02:13:19] [Worker-Main-2/WARN]: Adding Entries from [accessories:belt] to [trinkets:legs/belt]: 
     [things:ender_pouch (from things)]
[02:13:19] [Worker-Main-2/WARN]: Adding Entries from [trinkets:hand/glove] to [accessories:hand]: 
     [#artifacts:slot/hands (from artifacts)]
[02:13:19] [Worker-Main-2/WARN]: Adding Entries from [accessories:hand] to [trinkets:offhand/glove]: 
     [things:riot_gauntlet (from things), things:mining_gloves (from things), things:arm_extender (from things)]
[02:13:19] [Worker-Main-2/WARN]: Adding Entries from [trinkets:hand/ring] to [accessories:ring]: 
     [potionring:potion_ring (from potionring), potionring:ring_of_strengh (from potionring), potionring:ring_of_speed (from potionring), potionring:ring_of_resistance (from potionring), potionring:ring_of_jump_boost (from potionring), potionring:ring_of_haste (from potionring), potionring:ring_of_regeneration (from potionring), potionring:ring_of_growing (from potionring), potionring:ring_of_shrinking (from potionring), potionring:ring_of_widening (from potionring), potionring:ring_of_thinning (from potionring)]
[02:13:19] [Worker-Main-2/WARN]: Adding Entries from [trinkets:head/hat] to [accessories:hat]: 
     [#artifacts:slot/head (from artifacts)]
[02:13:19] [Worker-Main-2/WARN]: Adding Entries from [trinkets:legs/key] to [accessories:trinket_group_legs-key]: 
     [supplementaries:key (from supplementaries), suppsquared:heavy_key? (from supplementaries)]
[02:13:19] [Worker-Main-2/WARN]: Adding Entries from [trinkets:feet/shoes] to [accessories:shoes]: 
     [#artifacts:slot/feet (from artifacts)]
[02:13:19] [Worker-Main-2/WARN]: Adding Entries from [accessories:shoes] to [trinkets:feet/shoes]: 
     [things:enchanted_wax_gland (from things), things:rabbit_foot_charm (from things), things:socks (from things), things:shock_absorber (from things)]
[02:13:19] [Worker-Main-2/WARN]: Adding Entries from [accessories:back] to [trinkets:chest/back]: 
     [backpacked:backpack (from backpacked)]
[02:13:19] [Worker-Main-2/WARN]: Adding Entries from [trinkets:chest/necklace] to [accessories:necklace]: 
     [#artifacts:slot/necklace (from artifacts)]
[02:13:19] [Worker-Main-2/WARN]: Adding Entries from [accessories:necklace] to [trinkets:chest/necklace]: 
     [things:moss_necklace (from things), things:placebo (from things), things:luck_of_the_irish (from things), things:hades_crystal (from things)]
[02:13:19] [main/INFO]: Intercepted tag results
[02:13:19] [main/ERROR]: Failed to parse resource conditions for file of type recipe with id suppsquared:candle_holders/gold_candle_holder_soul, skipping: Unknown resource condition key: forge:mod_loaded
[02:13:19] [main/ERROR]: Parsing error loading recipe suppsquared:candle_holders/gold_candle_holder_soul
com.google.gson.JsonParseException: Unknown registry key in ResourceKey[minecraft:root / minecraft:item]: suppsquared:gold_candle_holder_soul; Map entry '1' : Failed to parse either. First: Input does not contain a key [fabric:type]: MapLike[{"item":"buzzier_bees:soul_candle"}]; Second: Failed to parse either. First: Not a json array: {"item":"buzzier_bees:soul_candle"}; Second: No key tag in MapLike[{"item":"buzzier_bees:soul_candle"}]; Unknown registry key in ResourceKey[minecraft:root / minecraft:item]: buzzier_bees:soul_candle
	at knot/com.mojang.serialization.DataResult$Error.md917d5c$owo$lambda$addStackTraceToException$0$0(DataResult.java:565) ~[datafixerupper-8.0.16.jar:?]
	at knot/com.mojang.serialization.DataResult$Error.getOrThrow(DataResult.java:287) ~[datafixerupper-8.0.16.jar:?]
	at knot/net.minecraft.class_1863.method_20705(class_1863.java:62) ~[server-intermediary.jar:?]
	at knot/net.minecraft.class_1863.method_18788(class_1863.java:35) ~[server-intermediary.jar:?]
	at knot/net.minecraft.class_4080.method_18790(class_4080.java:13) ~[server-intermediary.jar:?]
	at java.base/java.util.concurrent.CompletableFuture$UniAccept.tryFire(CompletableFuture.java:718) ~[?:?]
	at java.base/java.util.concurrent.CompletableFuture$Completion.run(CompletableFuture.java:482) ~[?:?]
	at knot/net.minecraft.class_4014.method_18365(class_4014.java:69) ~[server-intermediary.jar:?]
	at knot/net.minecraft.class_156.method_43498(class_156.java:1024) [server-intermediary.jar:?]
	at knot/net.minecraft.class_156.method_43499(class_156.java:1012) [server-intermediary.jar:?]
	at knot/net.minecraft.server.Main.main(Main.java:182) [server-intermediary.jar:?]
	at net.fabricmc.loader.impl.game.minecraft.MinecraftGameProvider.launch(MinecraftGameProvider.java:480) [fabric-loader-0.16.9.jar:?]
	at net.fabricmc.loader.impl.launch.knot.Knot.launch(Knot.java:74) [fabric-loader-0.16.9.jar:?]
	at net.fabricmc.loader.impl.launch.knot.KnotServer.main(KnotServer.java:23) [fabric-loader-0.16.9.jar:?]
	at net.fabricmc.loader.impl.launch.server.FabricServerLauncher.main(FabricServerLauncher.java:69) [fabric-loader-0.16.9.jar:?]
	at net.fabricmc.installer.ServerLauncher.main(ServerLauncher.java:69) [fabric-server-launch.jar:1.0.1]
[02:13:19] [main/INFO]: Generating Sawmill Recipes
[02:13:19] [main/INFO]: Generated Sawmill recipes in 100 milliseconds
[02:13:19] [main/INFO]: Loaded 4092 recipes
[02:13:20] [main/INFO]: Loaded 2237 advancements
[02:13:20] [main/INFO]: Parsing loot modifiers for:lootintegrations:dungeonloot_no_overflow with loottable: minecraft:chests/simple_dungeon
[02:13:20] [main/INFO]: Applied 20 data villager trades
[02:13:20] [main/WARN]: Could not decode GlobalLootModifier with json id artifacts:inject/archaeology/ocean_ruin_cold - error: Unknown registry key in ResourceKey[minecraft:root / porting_lib:global_loot_modifier_serializers]: artifacts:roll_loot_table
[02:13:20] [main/WARN]: Could not decode GlobalLootModifier with json id artifacts:inject/chests/village/village_snowy_house - error: Unknown registry key in ResourceKey[minecraft:root / porting_lib:global_loot_modifier_serializers]: artifacts:roll_loot_table
[02:13:20] [main/WARN]: Could not decode GlobalLootModifier with json id artifacts:inject/chests/village/village_toolsmith - error: Unknown registry key in ResourceKey[minecraft:root / porting_lib:global_loot_modifier_serializers]: artifacts:roll_loot_table
[02:13:20] [main/WARN]: Could not decode GlobalLootModifier with json id supplementaries:fishing_antique_ink_treasure - error: Unknown registry key in ResourceKey[minecraft:root / porting_lib:global_loot_modifier_serializers]: moonlight:add_item
[02:13:20] [main/WARN]: Could not decode GlobalLootModifier with json id artifacts:inject/chests/pillager_outpost - error: Unknown registry key in ResourceKey[minecraft:root / porting_lib:global_loot_modifier_serializers]: artifacts:roll_loot_table
[02:13:20] [main/WARN]: Could not decode GlobalLootModifier with json id artifacts:inject/chests/village/village_tannery - error: Unknown registry key in ResourceKey[minecraft:root / porting_lib:global_loot_modifier_serializers]: artifacts:roll_loot_table
[02:13:20] [main/WARN]: Could not decode GlobalLootModifier with json id doggytalents:soy_from_zombie_modifier - error: Unknown registry key in ResourceKey[minecraft:root / porting_lib:global_loot_modifier_serializers]: doggytalents:soy_from_zombie
[02:13:20] [main/WARN]: Could not decode GlobalLootModifier with json id artifacts:inject/chests/ancient_city_ice_box - error: Unknown registry key in ResourceKey[minecraft:root / porting_lib:global_loot_modifier_serializers]: artifacts:roll_loot_table
[02:13:20] [main/WARN]: Could not decode GlobalLootModifier with json id artifacts:inject/chests/bastion_hoglin_stable - error: Unknown registry key in ResourceKey[minecraft:root / porting_lib:global_loot_modifier_serializers]: artifacts:roll_loot_table
[02:13:20] [main/WARN]: Could not decode GlobalLootModifier with json id artifacts:inject/entities/cow - error: Unknown registry key in ResourceKey[minecraft:root / porting_lib:global_loot_modifier_serializers]: artifacts:roll_loot_table
[02:13:20] [main/WARN]: Could not decode GlobalLootModifier with json id artifacts:inject/chests/ancient_city - error: Unknown registry key in ResourceKey[minecraft:root / porting_lib:global_loot_modifier_serializers]: artifacts:roll_loot_table
[02:13:20] [main/WARN]: Could not decode GlobalLootModifier with json id artifacts:inject/chests/village/village_plains_house - error: Unknown registry key in ResourceKey[minecraft:root / porting_lib:global_loot_modifier_serializers]: artifacts:roll_loot_table
[02:13:20] [main/WARN]: Could not decode GlobalLootModifier with json id artifacts:inject/chests/ruined_portal - error: Unknown registry key in ResourceKey[minecraft:root / porting_lib:global_loot_modifier_serializers]: artifacts:roll_loot_table
[02:13:20] [main/WARN]: Could not decode GlobalLootModifier with json id artifacts:inject/chests/underwater_ruin_big - error: Unknown registry key in ResourceKey[minecraft:root / porting_lib:global_loot_modifier_serializers]: artifacts:roll_loot_table
[02:13:20] [main/WARN]: Could not decode GlobalLootModifier with json id artifacts:inject/chests/village/village_weaponsmith - error: Unknown registry key in ResourceKey[minecraft:root / porting_lib:global_loot_modifier_serializers]: artifacts:roll_loot_table
[02:13:20] [main/WARN]: Could not decode GlobalLootModifier with json id artifacts:inject/chests/igloo_chest - error: Unknown registry key in ResourceKey[minecraft:root / porting_lib:global_loot_modifier_serializers]: artifacts:roll_loot_table
[02:13:20] [main/WARN]: Could not decode GlobalLootModifier with json id artifacts:inject/chests/bastion_treasure - error: Unknown registry key in ResourceKey[minecraft:root / porting_lib:global_loot_modifier_serializers]: artifacts:roll_loot_table
[02:13:20] [main/WARN]: Could not decode GlobalLootModifier with json id supplementaries:straw_from_flax - error: Unknown registry key in ResourceKey[minecraft:root / porting_lib:global_loot_modifier_serializers]: moonlight:add_item
[02:13:20] [main/WARN]: Could not decode GlobalLootModifier with json id artifacts:inject/archaeology/desert_pyramid - error: Unknown registry key in ResourceKey[minecraft:root / porting_lib:global_loot_modifier_serializers]: artifacts:roll_loot_table
[02:13:20] [main/WARN]: Could not decode GlobalLootModifier with json id supplementaries:fishing_antique_ink - error: Unknown registry key in ResourceKey[minecraft:root / porting_lib:global_loot_modifier_serializers]: moonlight:add_item
[02:13:20] [main/WARN]: Could not decode GlobalLootModifier with json id artifacts:inject/chests/village/village_temple - error: Unknown registry key in ResourceKey[minecraft:root / porting_lib:global_loot_modifier_serializers]: artifacts:roll_loot_table
[02:13:20] [main/WARN]: Could not decode GlobalLootModifier with json id artifacts:inject/chests/village/village_desert_house - error: Unknown registry key in ResourceKey[minecraft:root / porting_lib:global_loot_modifier_serializers]: artifacts:roll_loot_table
[02:13:20] [main/WARN]: Could not decode GlobalLootModifier with json id supplementaries:ash_from_burning_mobs - error: Unknown registry key in ResourceKey[minecraft:root / porting_lib:global_loot_modifier_serializers]: moonlight:add_item
[02:13:20] [main/WARN]: Could not decode GlobalLootModifier with json id artifacts:inject/chests/woodland_mansion - error: Unknown registry key in ResourceKey[minecraft:root / porting_lib:global_loot_modifier_serializers]: artifacts:roll_loot_table
[02:13:20] [main/WARN]: Could not decode GlobalLootModifier with json id artifacts:inject/chests/buried_treasure - error: Unknown registry key in ResourceKey[minecraft:root / porting_lib:global_loot_modifier_serializers]: artifacts:roll_loot_table
[02:13:20] [main/WARN]: Could not decode GlobalLootModifier with json id artifacts:inject/chests/spawn_bonus_chest - error: Unknown registry key in ResourceKey[minecraft:root / porting_lib:global_loot_modifier_serializers]: artifacts:roll_loot_table
[02:13:20] [main/WARN]: Could not decode GlobalLootModifier with json id artifacts:inject/chests/desert_pyramid - error: Unknown registry key in ResourceKey[minecraft:root / porting_lib:global_loot_modifier_serializers]: artifacts:roll_loot_table
[02:13:20] [main/WARN]: Could not decode GlobalLootModifier with json id artifacts:inject/chests/end_city_treasure - error: Unknown registry key in ResourceKey[minecraft:root / porting_lib:global_loot_modifier_serializers]: artifacts:roll_loot_table
[02:13:20] [main/WARN]: Could not decode GlobalLootModifier with json id artifacts:inject/chests/village/village_taiga_house - error: Unknown registry key in ResourceKey[minecraft:root / porting_lib:global_loot_modifier_serializers]: artifacts:roll_loot_table
[02:13:20] [main/WARN]: Could not decode GlobalLootModifier with json id artifacts:inject/chests/nether_bridge - error: Unknown registry key in ResourceKey[minecraft:root / porting_lib:global_loot_modifier_serializers]: artifacts:roll_loot_table
[02:13:20] [main/WARN]: Could not decode GlobalLootModifier with json id artifacts:inject/archaeology/desert_well - error: Unknown registry key in ResourceKey[minecraft:root / porting_lib:global_loot_modifier_serializers]: artifacts:roll_loot_table
[02:13:20] [main/WARN]: Could not decode GlobalLootModifier with json id artifacts:inject/chests/shipwreck_treasure - error: Unknown registry key in ResourceKey[minecraft:root / porting_lib:global_loot_modifier_serializers]: artifacts:roll_loot_table
[02:13:20] [main/WARN]: Could not decode GlobalLootModifier with json id artifacts:inject/chests/jungle_temple - error: Unknown registry key in ResourceKey[minecraft:root / porting_lib:global_loot_modifier_serializers]: artifacts:roll_loot_table
[02:13:20] [main/WARN]: Could not decode GlobalLootModifier with json id artifacts:inject/chests/stronghold_corridor - error: Unknown registry key in ResourceKey[minecraft:root / porting_lib:global_loot_modifier_serializers]: artifacts:roll_loot_table
[02:13:20] [main/WARN]: Could not decode GlobalLootModifier with json id artifacts:inject/chests/abandoned_mineshaft - error: Unknown registry key in ResourceKey[minecraft:root / porting_lib:global_loot_modifier_serializers]: artifacts:roll_loot_table
[02:13:20] [main/WARN]: Could not decode GlobalLootModifier with json id artifacts:inject/chests/village/village_butcher - error: Unknown registry key in ResourceKey[minecraft:root / porting_lib:global_loot_modifier_serializers]: artifacts:roll_loot_table
[02:13:20] [main/WARN]: Could not decode GlobalLootModifier with json id doggytalents:rice_from_grass_modifier - error: Unknown registry key in ResourceKey[minecraft:root / porting_lib:global_loot_modifier_serializers]: doggytalents:rice_from_grass
[02:13:20] [main/WARN]: Could not decode GlobalLootModifier with json id artifacts:inject/chests/village/village_savanna_house - error: Unknown registry key in ResourceKey[minecraft:root / porting_lib:global_loot_modifier_serializers]: artifacts:roll_loot_table
[02:13:20] [main/WARN]: Could not decode GlobalLootModifier with json id artifacts:inject/archaeology/ocean_ruin_warm - error: Unknown registry key in ResourceKey[minecraft:root / porting_lib:global_loot_modifier_serializers]: artifacts:roll_loot_table
[02:13:20] [main/WARN]: Could not decode GlobalLootModifier with json id artifacts:inject/chests/village/village_armorer - error: Unknown registry key in ResourceKey[minecraft:root / porting_lib:global_loot_modifier_serializers]: artifacts:roll_loot_table
[02:13:20] [main/WARN]: Could not decode GlobalLootModifier with json id artifacts:inject/archaeology/trail_ruins_rare - error: Unknown registry key in ResourceKey[minecraft:root / porting_lib:global_loot_modifier_serializers]: artifacts:roll_loot_table
[02:13:20] [main/WARN]: Could not decode GlobalLootModifier with json id supplementaries:replace_rope - error: Unknown registry key in ResourceKey[minecraft:root / porting_lib:global_loot_modifier_serializers]: supplementaries:replace_rope
[02:13:20] [main/WARN]: Could not decode GlobalLootModifier with json id artifacts:inject/entities/mooshroom - error: Unknown registry key in ResourceKey[minecraft:root / porting_lib:global_loot_modifier_serializers]: artifacts:roll_loot_table
[02:13:20] [main/WARN]: Could not decode GlobalLootModifier with json id artifacts:inject/chests/simple_dungeon - error: Unknown registry key in ResourceKey[minecraft:root / porting_lib:global_loot_modifier_serializers]: artifacts:roll_loot_table
[02:13:20] [main/INFO]: Loaded 27 flute songs
[02:13:20] [main/WARN]: Not all defined tags for registry ResourceKey[minecraft:root / minecraft:item] are present in data pack: c:ingots/brass, c:ingots/lead, c:storage_blocks/lead
[02:13:20] [main/INFO]: Registering custom dispenser behaviors
[02:13:20] [main/INFO]: Applied 831 biome modifications to 64 of 64 new biomes in 36.85 ms
[02:13:20] [Server thread/INFO]: Dispatching loading event for config easyanvils-server.toml
[02:13:20] [Server thread/INFO]: Dispatching loading event for config easymagic-server.toml
[02:13:20] [Server thread/INFO]: Dispatching loading event for config iteminteractions-server.toml
[02:13:20] [Server thread/INFO]: Loading server configs...
[02:13:20] [Server thread/INFO]: Injecting Carpenter Village Houses
[02:13:20] [Server thread/INFO]: Starting background profiler...
[02:13:20] [Server thread/INFO]: Starting minecraft server version 1.21.1
[02:13:20] [Server thread/INFO]: Loading properties
[02:13:20] [Server thread/INFO]: Default game type: SURVIVAL
[02:13:20] [Server thread/INFO]: Generating keypair
[02:13:20] [Server thread/INFO]: Starting Minecraft server on *:25565
[02:13:20] [Server thread/INFO]: Using epoll channel type
[02:13:20] [Server thread/WARN]: **** SERVER IS RUNNING IN OFFLINE/INSECURE MODE!
[02:13:20] [Server thread/WARN]: The server will make no attempt to authenticate usernames. Beware.
[02:13:20] [Server thread/WARN]: While this makes the game possible to play without internet access, it also opens up the ability for hackers to connect with any username they choose.
[02:13:20] [Server thread/WARN]: To change this, set "online-mode" to "true" in the server.properties file.
[02:13:21] [Server thread/INFO]: Preparing level "world"
[02:13:21] [Server thread/INFO]: Loaded config for: betterchunkloading.json
[02:13:21] [Server thread/INFO]: Preparing start region for dimension minecraft:overworld
[02:13:21] [Worker-Main-2/INFO]: Preparing spawn area: 0%
[02:13:21] [Worker-Main-1/INFO]: Preparing spawn area: 0%
[02:13:22] [Server thread/INFO]: Time elapsed: 598 ms
[02:13:22] [Server thread/INFO]: Done (1.030s)! For help, type "help"
[02:13:22] [Server thread/WARN]: Dedicated server took 22.453 seconds to load
[02:13:22] [Server thread/INFO]: Loaded config for: lootintegrations.json
[02:13:22] [Server thread/INFO]: Loaded config for: smoothchunk.json
[02:13:22] [Server thread/INFO]: Start loading plugin from Jade: snownee.jade.addon.core.CorePlugin
[02:13:22] [Server thread/INFO]: Start loading plugin from Jade: snownee.jade.addon.vanilla.VanillaPlugin
[02:13:22] [Server thread/INFO]: Start loading plugin from Jade: snownee.jade.addon.universal.UniversalPlugin
[02:13:22] [Server thread/INFO]: Start loading plugin from Jade: snownee.jade.addon.access.AccessibilityPlugin
[02:13:22] [Server thread/INFO]: Start loading plugin from Jade: snownee.jade.addon.debug.DebugPlugin
[02:13:22] [Server thread/INFO]: Start loading plugin from Supplementaries: net.mehvahdjukaar.supplementaries.integration.JadeCompat
[02:13:22] [Server thread/INFO]: Start loading plugin from Waystones: net.blay09.mods.waystones.compat.JadeIntegration
[02:13:22] [Server thread/INFO]: Loaded null for service interface journeymap.api.services.WebMapService
[02:13:22] [Server thread/INFO]: Loaded journeymap.common.helpers.FabricClientHooks@232cc4bb for service interface journeymap.api.services.ClientPlatformService
[02:13:22] [Server thread/INFO]: Loaded journeymap.common.helpers.FabricHooks@1e09c49b for service interface journeymap.api.services.CommonPlatformService
[02:13:27] [Server thread/WARN]: Can't keep up! Is the server overloaded? Running 5958ms or 119 ticks behind
[02:13:38] [Server thread/INFO]: Sander[/100.72.60.119:63481] logged in with entity id 6 at (822.9459500187984, 62.0, -1776.4461962927376)
[02:13:38] [Server thread/INFO]: Sending server config values to client
[02:13:38] [Server thread/INFO]: Sander joined the game
[02:13:39] [Server thread/INFO]: Receiving client config
[02:14:16] [Server thread/INFO]: Coffeent[/100.99.222.20:61494] logged in with entity id 279 at (2478.7013299503237, 61.0, -245.69999998807907)
[02:14:16] [Server thread/INFO]: Sending server config values to client
[02:14:16] [Server thread/INFO]: Coffeent joined the game
[02:14:24] [Server thread/INFO]: Receiving client config
[02:16:25] [Server thread/INFO]: [Coffeent: Teleported Coffeent to Sander]
[02:16:42] [Server thread/INFO]: [Coffeent: Summoned new Skeleton]
[02:17:22] [Server thread/INFO]: Coffeent teleported to 982.5 63.0 -1899.5 minecraft:overworld
[02:19:21] [Server thread/INFO]: Sander has made the advancement [Hot Stuff]
[02:22:19] [Server thread/WARN]: Could not equip item '1 artifacts:bunny_hoppers' on spawned entity 'class_1642['Zombie'/3547, l='ServerLevel[world]', x=788.50, y=22.00, z=-4467.50]'
[02:23:13] [Server thread/INFO]: Jerezzzito[/100.68.115.18:49734] logged in with entity id 3837 at (2479.9315645205897, 61.0, -244.0496834238969)
[02:23:13] [Server thread/INFO]: Sending server config values to client
[02:23:13] [Server thread/INFO]: Jerezzzito joined the game
[02:23:14] [Server thread/INFO]: Receiving client config
[02:23:45] [Server thread/INFO]: Coffeent lost connection: Timed out
[02:23:45] [Server thread/INFO]: Coffeent left the game
[02:23:45] [Server thread/WARN]: handleDisconnection() called twice
[02:23:57] [Server thread/INFO]: [Not Secure] <Sander> se me peto
[02:24:05] [Server thread/INFO]: [Not Secure] <Sander> ola
[02:24:16] [Server thread/INFO]: [Not Secure] <Jerezzzito> hola
[02:24:21] [Server thread/INFO]: [Not Secure] <Jerezzzito> xd
[02:24:37] [Server thread/INFO]: [Not Secure] <Jerezzzito> se le peto por completo x,d?
[02:24:40] [Server thread/INFO]: Coffeent[/100.99.222.20:61553] logged in with entity id 4678 at (982.9210224438688, 63.5625, -1902.2191143561513)
[02:24:40] [Server thread/INFO]: Sending server config values to client
[02:24:40] [Server thread/INFO]: Coffeent joined the game
[02:24:40] [Server thread/INFO]: [Not Secure] <Sander> si
[02:24:40] [Server thread/INFO]: Receiving client config
[02:24:48] [Server thread/INFO]: [Not Secure] <Sander> ejeje
[02:24:51] [Server thread/INFO]: [Not Secure] <Jerezzzito> que hacian?
[02:25:06] [Server thread/INFO]: [Not Secure] <Coffeent> yo comer
[02:25:11] [Server thread/INFO]: [Not Secure] <Coffeent> como totoro
[02:25:17] [Server thread/INFO]: [Not Secure] <Jerezzzito> miam
[02:25:20] [Server thread/INFO]: [Not Secure] <Jerezzzito> que rico
[02:25:28] [Server thread/INFO]: [Not Secure] <Jerezzzito> yo descubri que no habia nada para comer
[02:25:35] [Server thread/INFO]: [Not Secure] <Jerezzzito> y casi como comida de perro
[02:25:39] [Server thread/INFO]: [Not Secure] <Coffeent> por noob
[02:25:41] [Server thread/INFO]: [Not Secure] <Sander> omg rico
[02:25:53] [Server thread/INFO]: [Not Secure] <Jerezzzito> sino fuera que vi que no eran lentejas sino comida de perro casi como eso XD
[02:25:57] [Server thread/INFO]: [Not Secure] <Coffeent> tXDDD+
[02:26:06] [Server thread/INFO]: [Not Secure] <Coffeent> yo
[02:26:08] [Server thread/INFO]: [Not Secure] <Coffeent> a mi me gusta
[02:26:08] [Server thread/INFO]: [Not Secure] <Coffeent> comer
[02:26:09] [Server thread/INFO]: [Not Secure] <Jerezzzito> ya decia que olia de la mierda pero no me iba a quejar
[02:26:10] [Server thread/INFO]: [Not Secure] <Coffeent> comida de perro
[02:26:11] [Server thread/INFO]: [Not Secure] <Coffeent> es rica
[02:26:22] [Server thread/INFO]: [Not Secure] <Coffeent> pero no la de carne
[02:26:25] [Server thread/INFO]: [Not Secure] <Coffeent> si no la de croquetas
[02:26:28] [Server thread/INFO]: [Not Secure] <Coffeent> XDD
[02:26:28] [Server thread/INFO]: [Not Secure] <Jerezzzito> si
[02:26:33] [Server thread/INFO]: [Not Secure] <Jerezzzito> las galletas si
[02:26:34] [Server thread/INFO]: [Not Secure] <Coffeent> cini qye su
[02:26:35] [Server thread/INFO]: [Not Secure] <Coffeent> XDD
[02:26:37] [Server thread/INFO]: [Not Secure] <Coffeent> como que si
[02:26:37] [Server thread/INFO]: [Not Secure] <Coffeent> XD
[02:26:56] [Server thread/INFO]: [Not Secure] <Jerezzzito> hay galletas que son para perro que saben normal
[02:27:07] [Server thread/INFO]: [Not Secure] <Jerezzzito> xd
[02:27:12] [Server thread/INFO]: [Not Secure] <Coffeent> XD
[02:27:18] [Server thread/INFO]: [Not Secure] <Coffeent> como sabes
[02:27:18] [Server thread/INFO]: [Not Secure] <Coffeent> eso
[02:27:19] [Server thread/INFO]: [Not Secure] <Coffeent> XD
[02:27:31] [Server thread/INFO]: [Not Secure] <Jerezzzito> queti
[02:27:46] [Server thread/INFO]: [Not Secure] <Coffeent> grosera
[02:27:48] [Server thread/INFO]: [Not Secure] <Coffeent> coshina
[02:27:49] [Server thread/INFO]: [Not Secure] <Coffeent> marrana
[02:27:50] [Server thread/INFO]: [Not Secure] <Coffeent> >:C
[02:27:54] [Server thread/INFO]: [Not Secure] <Jerezzzito> puerco
[02:28:25] [Server thread/INFO]: [Not Secure] <Jerezzzito> noooooooooooooooo
[02:28:40] [Server thread/INFO]: [Not Secure] <Jerezzzito> en la otra cuenta nomas me falto sacarme las pantuflas
[02:28:48] [Server thread/INFO]: [Not Secure] <Jerezzzito> me lleva la pantuflachingada
[02:29:15] [Server thread/INFO]: [Not Secure] <Coffeent> XDDD
[02:29:43] [Server thread/INFO]: [Not Secure] <Jerezzzito> voy a comer tomate
[02:29:46] [Server thread/INFO]: [Not Secure] <Jerezzzito> afk
[02:29:49] [Server thread/INFO]: [Not Secure] <Coffeent> okey
[02:30:02] [Server thread/INFO]: [Coffeent: Gave 1 [Lantern] to Sander]
[02:31:18] [Server thread/INFO]: Sander lost connection: Disconnected
[02:31:18] [Server thread/INFO]: Sander left the game
[02:31:23] [Server thread/INFO]: Sander[/100.72.60.119:63822] logged in with entity id 7766 at (507.0655299964809, 64.0, -4572.661769979472)
[02:31:23] [Server thread/INFO]: Sending server config values to client
[02:31:23] [Server thread/INFO]: Sander joined the game
[02:31:23] [Server thread/INFO]: Receiving client config
[02:32:11] [Server thread/INFO]: [Coffeent: Teleported Coffeent to Jerezzzito]
[02:32:13] [Server thread/INFO]: [Coffeent: Teleported Coffeent to Sander]
[02:32:43] [Server thread/INFO]: Sander has reached the goal [Plant Food]
[02:34:24] [Server thread/INFO]: Coffeent was shot by Skeleton
[02:34:46] [Server thread/INFO]: Coffeent teleported to 982.5 63.0 -1899.5 minecraft:overworld
[02:36:13] [Server thread/INFO]: Locating element #betterdeserttemples:better_desert_temples (betterdeserttemples:desert_temple) took 498 ms
[02:36:30] [Server thread/INFO]: Coffeent has completed the challenge [Cover Me in Debris]
[02:42:06] [Server thread/INFO]: [Not Secure] <Coffeent> dam
[02:42:07] [Server thread/INFO]: [Not Secure] <Coffeent> dami
[02:42:08] [Server thread/INFO]: [Not Secure] <Coffeent> amita
[02:42:09] [Server thread/INFO]: [Not Secure] <Coffeent> estas?
[02:44:38] [Server thread/INFO]: [Not Secure] <Jerezzzito> si
[02:44:43] [Server thread/INFO]: [Not Secure] <Jerezzzito> justo termine de come
[02:44:45] [Server thread/INFO]: [Not Secure] <Jerezzzito> q pasa
[02:44:55] [Server thread/INFO]: Coffeent lost connection: Timed out
[02:44:55] [Server thread/INFO]: Coffeent left the game
[02:44:58] [Server thread/INFO]: [Not Secure] <Sander> xDDD+
[02:45:02] [Server thread/INFO]: [Not Secure] <Jerezzzito> abueno
[02:46:25] [Server thread/INFO]: [Not Secure] <Jerezzzito> q queria o q
[02:46:29] [Server thread/INFO]: [Not Secure] <Sander> no se
[02:46:33] [Server thread/INFO]: [Not Secure] <Jerezzzito> preguntele pues
[02:46:39] [Server thread/INFO]: [Not Secure] <Sander> a cambio de que
[02:46:40] [Server thread/INFO]: [Not Secure] <Jerezzzito> no estan ahi de la manito juntitos
[02:46:44] [Server thread/INFO]: [Not Secure] <Jerezzzito> un diamante
[02:46:47] [Server thread/INFO]: [Not Secure] <Sander> va
[02:46:51] [Server thread/INFO]: [Not Secure] <Sander> damelo y le pregunto
[02:47:00] [Server thread/INFO]: [Not Secure] <Jerezzzito> venga por el pues
[02:47:03] [Server thread/INFO]: [Not Secure] <Sander> no
[02:47:05] [Server thread/INFO]: [Not Secure] <Jerezzzito> si
[02:47:09] [Server thread/INFO]: [Not Secure] <Sander> usted es la que quiere que le pregunte
[02:47:25] [Server thread/INFO]: [Not Secure] <Jerezzzito> le pregunta o lo acuso de que le robo todo
[02:47:42] [Server thread/INFO]: [Not Secure] <Jerezzzito> o desaparezco gatos
[02:47:54] [Server thread/INFO]: Coffeent[/100.99.222.20:61643] logged in with entity id 14415 at (983.5510417021878, 63.0, -1900.4049694178577)
[02:47:54] [Server thread/INFO]: Sending server config values to client
[02:47:54] [Server thread/INFO]: Coffeent joined the game
[02:47:57] [Server thread/INFO]: [Not Secure] <Jerezzzito> ola
[02:47:57] [Server thread/INFO]: [Not Secure] <Sander> ya llego
[02:47:58] [Server thread/INFO]: Receiving client config
[02:48:03] [Server thread/INFO]: [Not Secure] <Jerezzzito> que querias?
[02:48:06] [Server thread/INFO]: [Not Secure] <Jerezzzito> q paso
[02:48:19] [Server thread/INFO]: [Not Secure] <Sander> no te quiere hablar
[02:48:27] [Server thread/INFO]: [Not Secure] <Jerezzzito> no se meta
[02:48:30] [Server thread/INFO]: [Not Secure] <Jerezzzito> en verdad?
[02:48:31] [Server thread/INFO]: [Not Secure] <Jerezzzito> :C
[02:48:33] [Server thread/INFO]: [Not Secure] <Sander> si
[02:48:37] [Server thread/INFO]: [Not Secure] <Jerezzzito> pq
[02:48:46] [Server thread/INFO]: [Not Secure] <Sander> porque se le peto
[02:48:58] [Server thread/INFO]: [Not Secure] <Jerezzzito> le anda petando mucho x,d
[02:49:05] [Server thread/INFO]: [Not Secure] <Jerezzzito> ya esta estresado? :c
[02:49:15] [Server thread/INFO]: [Not Secure] <Sander> na
[02:50:50] [Server thread/INFO]: [Not Secure] <Coffeent> aaaaa
[02:50:53] [Server thread/INFO]: [Not Secure] <Coffeent> oa
[02:51:04] [Server thread/INFO]: [Not Secure] <Jerezzzito> oa
[02:51:13] [Server thread/INFO]: [Not Secure] <Coffeent> gugugaga
[02:51:59] [Server thread/INFO]: [Not Secure] <Jerezzzito> puedendormir?
[02:52:03] [Server thread/INFO]: [Not Secure] <Sander> nu
[02:52:03] [Server thread/INFO]: [Not Secure] <Coffeent> no
[02:52:06] [Server thread/INFO]: [Not Secure] <Sander> tsi
[02:52:17] [Server thread/INFO]: [Not Secure] <Jerezzzito> gracias
[02:52:22] [Server thread/INFO]: [Not Secure] <Sander> 1 diamante
[02:52:25] [Server thread/INFO]: [Not Secure] <Coffeent> 10*
[02:52:30] [Server thread/INFO]: [Not Secure] <Jerezzzito> no
[02:52:33] [Server thread/INFO]: [Not Secure] <Jerezzzito> leroleor
[02:52:40] [Server thread/INFO]: [Not Secure] <Sander> tienes
[02:52:43] [Server thread/INFO]: [Not Secure] <Sander> lechuga?
[02:52:44] [Server thread/INFO]: [Not Secure] <Sander> o semillas
[02:52:46] [Server thread/INFO]: [Not Secure] <Sander> pls
[02:52:54] [Server thread/INFO]: [Not Secure] <Jerezzzito> semillas de lechuga no
[02:52:58] [Server thread/INFO]: [Not Secure] <Jerezzzito> semillas en general si
[02:53:02] [Server thread/INFO]: [Not Secure] <Sander> :c
[02:54:09] [Server thread/INFO]: [Not Secure] <Jerezzzito> tengo repollo
[02:54:10] [Server thread/INFO]: [Not Secure] <Jerezzzito> ahr
[02:54:17] [Server thread/INFO]: [Not Secure] <Jerezzzito> no encuentro semillas de lechuga
[02:54:24] [Server thread/INFO]: [Not Secure] <Sander> ni yo
[02:54:28] [Server thread/INFO]: [Not Secure] <Sander> pipipi
[02:54:31] [Server thread/INFO]: [Not Secure] <Sander> queria hacer hamburguesas
[02:54:45] [Server thread/INFO]: [Not Secure] <Jerezzzito> es con repollo weon
[02:54:48] [Server thread/INFO]: [Not Secure] <Jerezzzito> XDDD
[02:54:49] [Server thread/INFO]: [Not Secure] <Sander> ah
[02:54:51] [Server thread/INFO]: [Not Secure] <Coffeent> es la misma rd
[02:54:53] [Server thread/INFO]: [Not Secure] <Coffeent> ctm
[02:54:55] [Server thread/INFO]: [Not Secure] <Coffeent> XD
[02:54:56] [Server thread/INFO]: [Not Secure] <Jerezzzito> no
[02:54:59] [Server thread/INFO]: [Not Secure] <Sander> para mi decia col
[02:54:59] [Server thread/INFO]: [Not Secure] <Coffeent> si
[02:55:00] [Server thread/INFO]: [Not Secure] <Jerezzzito> repollo es repollo
[02:55:03] [Server thread/INFO]: [Not Secure] <Sander> y se veia como lechuga
[02:55:04] [Server thread/INFO]: [Not Secure] <Jerezzzito> lechuga es lechuga
[02:55:07] [Server thread/INFO]: [Not Secure] <Jerezzzito> pues lea
[02:55:14] [Server thread/INFO]: [Not Secure] <Jerezzzito> tengo de repollo
[02:55:17] [Server thread/INFO]: [Not Secure] <Jerezzzito> queres?
[02:55:22] [Server thread/INFO]: [Not Secure] <Sander> ch
[02:55:23] [Server thread/INFO]: [Not Secure] <Sander> i
[02:55:24] [Server thread/INFO]: [Not Secure] <Sander> por
[02:55:25] [Server thread/INFO]: [Not Secure] <Sander> fa
[02:55:46] [Server thread/INFO]: [Not Secure] <Jerezzzito> hmmmmmmmm
[02:55:52] [Server thread/INFO]: Coffeent lost connection: Timed out
[02:55:52] [Server thread/INFO]: Coffeent left the game
[02:55:58] [Server thread/INFO]: [Not Secure] <Jerezzzito> t la doy si m combida hamburguesa
[02:56:25] [Server thread/INFO]: Villager class_1646['Armorer'/9882, l='ServerLevel[world]', x=828.32, y=62.00, z=-1775.68] died, message: 'Armorer was slain by Sander'
[02:56:52] [Server thread/INFO]: [Not Secure] <Sander> te doy 1
[02:58:18] [Server thread/INFO]: Coffeent[/100.99.222.20:61699] logged in with entity id 18643 at (983.0064379325481, 63.5625, -1902.119080600136)
[02:58:18] [Server thread/INFO]: Sending server config values to client
[02:58:18] [Server thread/INFO]: Coffeent joined the game
[02:58:19] [Server thread/INFO]: Receiving client config
[02:59:06] [Server thread/INFO]: Jerezzzito has made the advancement [A Seedy Place]
[03:01:16] [Server thread/INFO]: Coffeent lost connection: Timed out
[03:01:16] [Server thread/INFO]: Coffeent left the game
[03:02:22] [Server thread/INFO]: [Not Secure] <Jerezzzito> y si te doy un stack?
[03:03:02] [Server thread/INFO]: [Not Secure] <Sander> mmm
[03:03:07] [Server thread/INFO]: [Not Secure] <Sander> ta bien
[03:03:08] [Server thread/INFO]: [Not Secure] <Sander> me sirve
[03:04:36] [Server thread/INFO]: [Not Secure] <Sander> ahorita voy por ella para que no tengas que caminar
[03:04:47] [Server thread/INFO]: [Not Secure] <Jerezzzito> q considerado
[03:05:28] [Server thread/INFO]: [Not Secure] <Sander> ZZZZZZZZZZZZZZZZZZZZZZZZZZZZZZZZZZZZZZZZZZZZZZZZZZZZZZZZZZZZZZZZZZZZZZZZZZZZZ
[03:05:44] [Server thread/INFO]: [Not Secure] <Jerezzzito> z
[03:06:02] [Server thread/INFO]: [Not Secure] <Jerezzzito> pueod ir hasta donde estas xd
[03:06:04] [Server thread/INFO]: [Not Secure] <Jerezzzito> tengo tp
[03:06:09] [Server thread/INFO]: [Not Secure] <Sander> ah
[03:06:10] [Server thread/INFO]: [Not Secure] <Sander> dale
[03:09:12] [Server thread/INFO]: [Not Secure] <Jerezzzito> te estoy haciendo el stack xd
[03:09:18] [Server thread/INFO]: [Not Secure] <Sander> jdsaj gracias
[03:09:24] [Server thread/INFO]: [Not Secure] <Sander> igual si tienes semillas tambien me serviria
[03:09:25] [Server thread/INFO]: [Not Secure] <Sander> thx
[03:11:14] [Server thread/INFO]: [Not Secure] <Jerezzzito> lito
[03:11:15] [Server thread/INFO]: [Not Secure] <Jerezzzito> voy
[03:12:10] [Server thread/INFO]: [Not Secure] <Sander> ola
[03:12:16] [Server thread/INFO]: [Not Secure] <Jerezzzito> q le hace a los pobres
[03:12:52] [Server thread/INFO]: [Not Secure] <Jerezzzito> te los planto?
[03:12:57] [Server thread/INFO]: [Not Secure] <Sander> las semillas si
[03:13:01] [Server thread/INFO]: [Not Secure] <Sander> pls
[03:13:06] [Server thread/INFO]: [Not Secure] <Jerezzzito> lito
[03:13:07] [Server thread/INFO]: Coffeent[/100.99.222.20:52881] logged in with entity id 24050 at (976.7364364786533, 66.0, -1901.4935455406062)
[03:13:07] [Server thread/INFO]: Sending server config values to client
[03:13:07] [Server thread/INFO]: Coffeent joined the game
[03:13:09] [Server thread/INFO]: Receiving client config
[03:13:10] [Server thread/INFO]: [Not Secure] <Sander> thxx
[03:13:11] [Server thread/INFO]: [Not Secure] <Jerezzzito> toma las demas
[03:13:26] [Server thread/INFO]: [Not Secure] <Sander> thank u
[03:13:47] [Server thread/INFO]: [Not Secure] <Coffeent> esas senukkas
[03:13:48] [Server thread/INFO]: [Not Secure] <Coffeent> eran mias
[03:13:51] [Server thread/INFO]: [Not Secure] <Coffeent> tienes mas semillas dam?
[03:13:54] [Server thread/INFO]: [Not Secure] <Coffeent> de repollo?
[03:13:57] [Server thread/INFO]: [Not Secure] <Jerezzzito> si
[03:13:58] [Server thread/INFO]: [Not Secure] <Coffeent> yo tambien necesito
[03:13:59] [Server thread/INFO]: [Not Secure] <Coffeent> :c
